2021/04/22 22:20:41 {"callers":["D:/GoProjects/src/selfblog/main.go: 22 main.init.0"],"level":"info","message":"eddycjy: go-programming-tour-book/blogservice","time":1619101241079267100}
2021/05/05 17:49:27 {"callers":["D:/GoProjects/src/selfblog/main.go: 22 main.init.0"],"level":"error","message":"app.BindAndValid errs: State必须是[ 0 1]中的一个","time":1620208167866951300}
2021/05/05 17:49:58 {"callers":["D:/GoProjects/src/selfblog/main.go: 22 main.init.0"],"level":"error","message":"app.BindAndValid errs: State必须是[ 0 1]中的一个","time":1620208198610388900}
2021/05/05 17:49:59 {"callers":["D:/GoProjects/src/selfblog/main.go: 22 main.init.0"],"level":"error","message":"app.BindAndValid errs: State必须是[ 0 1]中的一个","time":1620208199840052200}
2021/05/05 17:50:03 {"callers":["D:/GoProjects/src/selfblog/main.go: 22 main.init.0"],"level":"error","message":"app.BindAndValid errs: State必须是[ 0 1]中的一个","time":1620208203831448100}
2021/05/05 17:50:04 {"callers":["D:/GoProjects/src/selfblog/main.go: 22 main.init.0"],"level":"error","message":"app.BindAndValid errs: State必须是[ 0 1]中的一个","time":1620208204668924500}
2021/05/05 17:51:21 {"callers":["D:/GoProjects/src/selfblog/main.go: 22 main.init.0"],"level":"error","message":"app.BindAndValid errs: State必须是[ 0 1]中的一个","time":1620208281340709300}
2021/05/05 21:20:35 {"callers":["D:/GoProjects/src/selfblog/main.go: 22 main.init.0"],"level":"error","message":"app.BindAndValid errs: State必须是[ 0 1]中的一个","time":1620220835938527800}

2021/05/27 23:50:12 {"callers":["D:/GoProjects/src/selfblog/main.go: 22 main.init.0"],"level":"error","message":"app.BindAndValid errs: Name长度必须至少为3个字符,CreatedBy长度必须至少为3个字符","time":1622130612773053300}
2021/05/28 22:49:16 {"callers":["D:/GoProjects/src/selfblog/main.go: 22 main.init.0"],"level":"error","message":"app.BindAndValid errs: Key: 'AuthRequest.AppKey' Error:Field validation for 'AppKey' failed on the 'required' tag,Key: 'AuthRequest.AppSecret' Error:Field validation for 'AppSecret' failed on the 'required' tag","time":1622213356374657200}
2021/05/28 22:51:09 {"callers":["D:/GoProjects/src/selfblog/main.go: 22 main.init.0"],"level":"error","message":"app.BindAndValid errs: Key: 'AuthRequest.AppKey' Error:Field validation for 'AppKey' failed on the 'required' tag,Key: 'AuthRequest.AppSecret' Error:Field validation for 'AppSecret' failed on the 'required' tag","time":1622213469790757300}
2021/05/28 22:52:16 {"callers":["D:/GoProjects/src/selfblog/main.go: 22 main.init.0"],"level":"error","message":"app.BindAndValid errs: Key: 'AuthRequest.AppKey' Error:Field validation for 'AppKey' failed on the 'required' tag,Key: 'AuthRequest.AppSecret' Error:Field validation for 'AppSecret' failed on the 'required' tag","time":1622213536132148600}
2021/05/28 22:53:12 {"callers":["D:/GoProjects/src/selfblog/main.go: 22 main.init.0"],"level":"error","message":"app.BindAndValid errs: Key: 'AuthRequest.AppKey' Error:Field validation for 'AppKey' failed on the 'required' tag,Key: 'AuthRequest.AppSecret' Error:Field validation for 'AppSecret' failed on the 'required' tag","time":1622213592424752700}
2021/05/28 22:53:13 {"callers":["D:/GoProjects/src/selfblog/main.go: 22 main.init.0"],"level":"error","message":"app.BindAndValid errs: Key: 'AuthRequest.AppSecret' Error:Field validation for 'AppSecret' failed on the 'required' tag,Key: 'AuthRequest.AppKey' Error:Field validation for 'AppKey' failed on the 'required' tag","time":1622213593217658200}
2021/05/28 22:53:14 {"callers":["D:/GoProjects/src/selfblog/main.go: 22 main.init.0"],"level":"error","message":"app.BindAndValid errs: Key: 'AuthRequest.AppKey' Error:Field validation for 'AppKey' failed on the 'required' tag,Key: 'AuthRequest.AppSecret' Error:Field validation for 'AppSecret' failed on the 'required' tag","time":1622213594210238400}
2021/05/28 22:58:06 {"callers":["D:/GoProjects/src/selfblog/main.go: 22 main.init.0"],"level":"error","message":"app.BindAndValid errs: Key: 'AuthRequest.AppKey' Error:Field validation for 'AppKey' failed on the 'required' tag,Key: 'AuthRequest.AppSecret' Error:Field validation for 'AppSecret' failed on the 'required' tag","time":1622213886203340300}
2021/05/28 22:58:27 {"callers":["D:/GoProjects/src/selfblog/main.go: 22 main.init.0"],"level":"error","message":"app.BindAndValid errs: Key: 'AuthRequest.AppKey' Error:Field validation for 'AppKey' failed on the 'required' tag,Key: 'AuthRequest.AppSecret' Error:Field validation for 'AppSecret' failed on the 'required' tag","time":1622213907792078000}
2021/05/28 22:58:33 {"callers":["D:/GoProjects/src/selfblog/main.go: 22 main.init.0"],"level":"error","message":"app.BindAndValid errs: Key: 'AuthRequest.AppKey' Error:Field validation for 'AppKey' failed on the 'required' tag,Key: 'AuthRequest.AppSecret' Error:Field validation for 'AppSecret' failed on the 'required' tag","time":1622213913129003100}
2021/05/28 22:58:35 {"callers":["D:/GoProjects/src/selfblog/main.go: 22 main.init.0"],"level":"error","message":"app.BindAndValid errs: Key: 'AuthRequest.AppSecret' Error:Field validation for 'AppSecret' failed on the 'required' tag,Key: 'AuthRequest.AppKey' Error:Field validation for 'AppKey' failed on the 'required' tag","time":1622213915938955600}
2021/05/28 22:59:12 {"callers":["D:/GoProjects/src/selfblog/main.go: 22 main.init.0"],"level":"error","message":"app.BindAndValid errs: Key: 'AuthRequest.AppKey' Error:Field validation for 'AppKey' failed on the 'required' tag,Key: 'AuthRequest.AppSecret' Error:Field validation for 'AppSecret' failed on the 'required' tag","time":1622213952501662100}
2021/05/28 22:59:38 {"callers":["D:/GoProjects/src/selfblog/main.go: 22 main.init.0"],"level":"error","message":"app.BindAndValid errs: Key: 'AuthRequest.AppKey' Error:Field validation for 'AppKey' failed on the 'required' tag,Key: 'AuthRequest.AppSecret' Error:Field validation for 'AppSecret' failed on the 'required' tag","time":1622213978325794200}
2021/05/28 23:00:09 {"callers":["D:/GoProjects/src/selfblog/main.go: 22 main.init.0"],"level":"error","message":"app.BindAndValid errs: Key: 'AuthRequest.AppKey' Error:Field validation for 'AppKey' failed on the 'required' tag,Key: 'AuthRequest.AppSecret' Error:Field validation for 'AppSecret' failed on the 'required' tag","time":1622214009310733600}
2021/05/28 23:32:56 {"callers":["D:/GoProjects/src/selfblog/main.go: 22 main.init.0"],"level":"error","message":"app.BindAndValid errs: Key: 'AuthRequest.AppKey' Error:Field validation for 'AppKey' failed on the 'required' tag,Key: 'AuthRequest.AppSecret' Error:Field validation for 'AppSecret' failed on the 'required' tag","time":1622215976445503000}
2021/05/28 23:42:16 {"callers":["D:/GoProjects/src/selfblog/main.go: 22 main.init.0"],"level":"error","message":"app.BindAndValid errs: Key: 'AuthRequest.AppKey' Error:Field validation for 'AppKey' failed on the 'required' tag,Key: 'AuthRequest.AppSecret' Error:Field validation for 'AppSecret' failed on the 'required' tag","time":1622216536347802600}
2021/05/28 23:46:19 {"callers":["D:/GoProjects/src/selfblog/main.go: 22 main.init.0"],"level":"error","message":"svc.CheckAuth err: Key: 'AuthRequest.AppKey' Error:Field validation for 'AppKey' failed on the 'required' tag,Key: 'AuthRequest.AppSecret' Error:Field validation for 'AppSecret' failed on the 'required' tag","time":1622216779064677900}
2021/05/28 23:51:48 {"callers":["D:/GoProjects/src/selfblog/main.go: 22 main.init.0"],"level":"error","message":"app.BindAndValid errs: Key: 'AuthRequest.AppKey' Error:Field validation for 'AppKey' failed on the 'required' tag,Key: 'AuthRequest.AppSecret' Error:Field validation for 'AppSecret' failed on the 'required' tag","time":1622217108984720100}
2021/05/29 12:45:29 {"callers":["D:/GoProjects/src/selfblog/main.go: 22 main.init.0"],"level":"error","message":"app.BindAndValid errs: Key: 'AuthRequest.AppKey' Error:Field validation for 'AppKey' failed on the 'min' tag,Key: 'AuthRequest.AppSecret' Error:Field validation for 'AppSecret' failed on the 'min' tag","time":1622263529833459500}
2021/05/29 12:51:21 {"callers":["D:/GoProjects/src/selfblog/main.go: 22 main.init.0"],"level":"error","message":"app.BindAndValid errs: Key: 'AuthRequest.AppKey' Error:Field validation for 'AppKey' failed on the 'required' tag,Key: 'AuthRequest.AppSecret' Error:Field validation for 'AppSecret' failed on the 'required' tag","time":1622263881892192800}
2021/05/29 12:51:41 {"callers":["D:/GoProjects/src/selfblog/main.go: 22 main.init.0"],"level":"error","message":"app.BindAndValid errs: Key: 'AuthRequest.AppKey' Error:Field validation for 'AppKey' failed on the 'required' tag,Key: 'AuthRequest.AppSecret' Error:Field validation for 'AppSecret' failed on the 'required' tag","time":1622263901512222400}
2021/05/29 12:52:45 {"callers":["D:/GoProjects/src/selfblog/main.go: 22 main.init.0"],"level":"error","message":"svc.CheckAuth err: ","time":1622263965482538000}
2021/05/29 12:52:54 {"callers":["D:/GoProjects/src/selfblog/main.go: 22 main.init.0"],"level":"error","message":"svc.CheckAuth err: ","time":1622263974430010800}
2021/05/29 12:54:08 {"callers":["D:/GoProjects/src/selfblog/main.go: 22 main.init.0"],"level":"error","message":"svc.CheckAuth err: ","time":1622264048490184100}
2021/05/29 12:54:09 {"callers":["D:/GoProjects/src/selfblog/main.go: 22 main.init.0"],"level":"error","message":"svc.CheckAuth err: ","time":1622264049592169500}
2021/05/29 12:54:23 {"callers":["D:/GoProjects/src/selfblog/main.go: 22 main.init.0"],"level":"error","message":"svc.CheckAuth err: ","time":1622264063655004100}
2021/05/29 12:59:47 {"callers":["D:/GoProjects/src/selfblog/main.go: 22 main.init.0"],"level":"error","message":"svc.CheckAuth err: auth info does not exist.","time":1622264387412532000}
2021/05/29 13:00:16 {"callers":["D:/GoProjects/src/selfblog/main.go: 22 main.init.0"],"level":"error","message":"svc.CheckAuth err: auth info does not exist.","time":1622264416307104900}
2021/05/29 13:00:53 {"callers":["D:/GoProjects/src/selfblog/main.go: 22 main.init.0"],"level":"error","message":"svc.CheckAuth err: auth info does not exist.","time":1622264453220256200}
2021/05/29 13:01:00 {"callers":["D:/GoProjects/src/selfblog/main.go: 22 main.init.0"],"level":"error","message":"svc.CheckAuth err: auth info does not exist.","time":1622264460398245900}
2021/05/29 13:12:06 {"callers":["D:/GoProjects/src/selfblog/main.go: 22 main.init.0"],"level":"error","message":"svc.CheckAuth err: auth info does not exist.","time":1622265126933776200}
2021/05/29 13:13:15 {"callers":["D:/GoProjects/src/selfblog/main.go: 22 main.init.0"],"level":"error","message":"svc.GenerateToken err: key is of invalid type","time":1622265195128604600}
2021/05/29 13:19:19 {"callers":["D:/GoProjects/src/selfblog/main.go: 22 main.init.0"],"level":"error","message":"svc.CheckAuth err: auth info does not exist.","time":1622265559604575500}
2021/05/29 13:19:38 {"callers":["D:/GoProjects/src/selfblog/main.go: 22 main.init.0"],"level":"error","message":"svc.GenerateToken err: key is of invalid type","time":1622265578201575400}
2021/05/29 13:34:10 {"callers":["D:/GoProjects/src/selfblog/main.go: 22 main.init.0"],"level":"error","message":"app.BindAndValid errs: Key: 'AuthRequest.AppKey' Error:Field validation for 'AppKey' failed on the 'required' tag,Key: 'AuthRequest.AppSecret' Error:Field validation for 'AppSecret' failed on the 'required' tag","time":1622266450597801900}
2021/05/29 13:35:32 {"callers":["D:/GoProjects/src/selfblog/main.go: 22 main.init.0"],"level":"error","message":"svc.GenerateToken err: key is of invalid type","time":1622266532175198200}
2021/05/29 13:35:35 {"callers":["D:/GoProjects/src/selfblog/main.go: 22 main.init.0"],"level":"error","message":"svc.CheckAuth err: auth info does not exist.","time":1622266535390800400}
2021/05/29 13:35:37 {"callers":["D:/GoProjects/src/selfblog/main.go: 22 main.init.0"],"level":"error","message":"svc.GenerateToken err: key is of invalid type","time":1622266537547468900}
2021/05/29 13:37:41 {"callers":["D:/GoProjects/src/selfblog/main.go: 22 main.init.0"],"level":"error","message":"svc.GenerateToken err: key is of invalid type","time":1622266661869781900}
2021/06/15 22:05:23 {"callers":["E:/workspaces/GOPATH/src/selfblog/main.go: 22 main.init.0"],"level":"error","message":"svc.UploadFile err: open storage/uploads/86acf5e8e27d3f6d15644b5ae2c6a90f.jpg: The system cannot find the path specified.","time":1623765923293881000}
2021/06/15 22:09:55 {"callers":["E:/workspaces/GOPATH/src/selfblog/main.go: 22 main.init.0"],"level":"error","message":"svc.UploadFile err: open storage/uploads/86acf5e8e27d3f6d15644b5ae2c6a90f.jpg: The system cannot find the path specified.","time":1623766195403651000}
2021/06/15 22:12:08 {"callers":["E:/workspaces/GOPATH/src/selfblog/main.go: 22 main.init.0"],"level":"error","message":"svc.UploadFile err: open storage/uploads/86acf5e8e27d3f6d15644b5ae2c6a90f.jpg: The system cannot find the path specified.","time":1623766328595295400}
